============================================================
  Generated by:           Genus(TM) Synthesis Solution 21.14-s082_1
  Generated on:           Oct 08 2025  03:16:39 pm
  Module:                 top
  Technology library:     tsl18fs120_scl_ss 1
  Operating conditions:   _nominal_ (balanced_tree)
  Wireload mode:          enclosed
  Area mode:              timing library
============================================================

      Pin             Type     Fanout Load Slew Delay Arrival   
                                      (fF) (ps)  (ps)   (ps)    
----------------------------------------------------------------
(clock clk_main)      launch                                0 R 
granted_reg/CP                              100    +0       0 R 
granted_reg/Q         decrq1        2  4.8   89  +514     514 F 
g223/I                                             +0     514   
g223/ZN               inv0d0        2  7.2  448  +241     755 R 
g217__1705/A1                                      +0     755   
g217__1705/ZN         nd04d1        3  7.7  265  +203     958 F 
g213/I                                             +0     958   
g213/ZN               inv0d0        2  3.7  267  +201    1160 R 
g191__5107/A1                                      +0    1160   
g191__5107/ZN         nr02d0        1  2.8  110   +83    1242 F 
granted_reg/ENN  <<<  decrq1                       +0    1242   
granted_reg/CP        setup                 100  +484    1727 R 
- - - - - - - - - - - - - - - - - - - - - - - - - - - - - - - - 
(clock clk_main)      capture                            5000 R 
----------------------------------------------------------------
Timing slack :    3273ps 
Start-point  : granted_reg/CP
End-point    : granted_reg/ENN

